<?xml version="1.0" encoding="UTF-8"?>
<!-- Generated by org.testng.reporters.JUnitXMLReporter -->
<testsuite ignored="0" hostname="DESKTOP-J1KM8UJ" failures="0" tests="4" name="chromeTest" time="7.63" errors="0" timestamp="2023-01-01T14:08:39 IST">
  <testcase classname="TestClasses.VerifyUserCanBuyProduct" name="@BeforeClass beforeClass" time="7.281">
    <failure type="org.openqa.selenium.SessionNotCreatedException" message="Could not start a new session. Response code 500. Message: session not created: This version of ChromeDriver only supports Chrome version 102
Current browser version is 108.0.5359.125 with binary path C:\Program Files (x86)\Google\Chrome\Application\chrome.exe
Build info: version: &amp;apos;4.2.0&amp;apos;, revision: &amp;apos;86eb611648&amp;apos;
System info: host: &amp;apos;DESKTOP-J1KM8UJ&amp;apos;, ip: &amp;apos;192.168.43.66&amp;apos;, os.name: &amp;apos;Windows 10&amp;apos;, os.arch: &amp;apos;amd64&amp;apos;, os.version: &amp;apos;10.0&amp;apos;, java.version: &amp;apos;17.0.2&amp;apos;
Driver info: org.openqa.selenium.chrome.ChromeDriver
Command: [null, newSession {capabilities=[Capabilities {browserName: chrome, goog:chromeOptions: {args: [], extensions: []}}], desiredCapabilities=Capabilities {browserName: chrome, goog:chromeOptions: {args: [], extensions: []}}}]">
      <![CDATA[org.openqa.selenium.SessionNotCreatedException: Could not start a new session. Response code 500. Message: session not created: This version of ChromeDriver only supports Chrome version 102
Current browser version is 108.0.5359.125 with binary path C:\Program Files (x86)\Google\Chrome\Application\chrome.exe
Build info: version: '4.2.0', revision: '86eb611648'
System info: host: 'DESKTOP-J1KM8UJ', ip: '192.168.43.66', os.name: 'Windows 10', os.arch: 'amd64', os.version: '10.0', java.version: '17.0.2'
Driver info: org.openqa.selenium.chrome.ChromeDriver
Command: [null, newSession {capabilities=[Capabilities {browserName: chrome, goog:chromeOptions: {args: [], extensions: []}}], desiredCapabilities=Capabilities {browserName: chrome, goog:chromeOptions: {args: [], extensions: []}}}]
at org.openqa.selenium.remote.ProtocolHandshake.createSession(ProtocolHandshake.java:144)
at org.openqa.selenium.remote.ProtocolHandshake.createSession(ProtocolHandshake.java:102)
at org.openqa.selenium.remote.ProtocolHandshake.createSession(ProtocolHandshake.java:67)
at org.openqa.selenium.remote.HttpCommandExecutor.execute(HttpCommandExecutor.java:156)
at org.openqa.selenium.remote.service.DriverCommandExecutor.invokeExecute(DriverCommandExecutor.java:167)
at org.openqa.selenium.remote.service.DriverCommandExecutor.execute(DriverCommandExecutor.java:142)
at org.openqa.selenium.remote.RemoteWebDriver.execute(RemoteWebDriver.java:566)
at org.openqa.selenium.remote.RemoteWebDriver.startSession(RemoteWebDriver.java:247)
at org.openqa.selenium.remote.RemoteWebDriver.<init>(RemoteWebDriver.java:163)
at org.openqa.selenium.chromium.ChromiumDriver.<init>(ChromiumDriver.java:108)
at org.openqa.selenium.chrome.ChromeDriver.<init>(ChromeDriver.java:106)
at org.openqa.selenium.chrome.ChromeDriver.<init>(ChromeDriver.java:93)
at org.openqa.selenium.chrome.ChromeDriver.<init>(ChromeDriver.java:48)
at BaseClasses.BaseClass1.getDriver(BaseClass1.java:16)
at TestClasses.VerifyUserCanBuyProduct.beforeClass(VerifyUserCanBuyProduct.java:34)
at java.base/java.util.ArrayList.forEach(ArrayList.java:1511)
... Removed 25 stack frames]]>
    </failure>
  </testcase> <!-- @BeforeClass beforeClass -->
  <testcase classname="TestClasses.VerifyUserCanBuyProduct" name="@BeforeMethod beforeMethod" time="-1.672562319113E9">
    <skipped/>
  </testcase> <!-- @BeforeMethod beforeMethod -->
  <testcase classname="TestClasses.VerifyUserCanBuyProduct" name="@AfterMethod afterMethod" time="-1.672562319156E9">
    <skipped/>
  </testcase> <!-- @AfterMethod afterMethod -->
  <testcase classname="TestClasses.VerifyUserCanBuyProduct" name="@BeforeMethod beforeMethod" time="-1.672562319167E9">
    <skipped/>
  </testcase> <!-- @BeforeMethod beforeMethod -->
  <testcase classname="TestClasses.VerifyUserCanBuyProduct" name="@AfterMethod afterMethod" time="-1.672562319184E9">
    <skipped/>
  </testcase> <!-- @AfterMethod afterMethod -->
  <testcase classname="TestClasses.VerifyUserCanBuyProduct" name="@BeforeMethod beforeMethod" time="-1.672562319189E9">
    <skipped/>
  </testcase> <!-- @BeforeMethod beforeMethod -->
  <testcase classname="TestClasses.VerifyUserCanBuyProduct" name="@AfterMethod afterMethod" time="-1.672562319208E9">
    <skipped/>
  </testcase> <!-- @AfterMethod afterMethod -->
  <testcase classname="TestClasses.VerifyUserCanBuyProduct" name="@AfterClass afterClass" time="-1.672562319229E9">
    <skipped/>
  </testcase> <!-- @AfterClass afterClass -->
  <testcase classname="TestClasses.VerifyUserCanBuyProduct" name="verifyUserCanLogin" time="0.0">
    <skipped/>
  </testcase> <!-- verifyUserCanLogin -->
  <testcase classname="TestClasses.VerifyUserCanBuyProduct" name="VerifyUserCanSearchProduct" time="0.0">
    <skipped/>
  </testcase> <!-- VerifyUserCanSearchProduct -->
  <testcase classname="TestClasses.VerifyUserCanBuyProduct" name="verifyUserCanSelectProductAndMoveToProductDetailsPage" time="0.0">
    <skipped/>
  </testcase> <!-- verifyUserCanSelectProductAndMoveToProductDetailsPage -->
  <testcase classname="TestClasses.VerifyUserCanRemoverProductsFromCart" name="test1" time="0.003"/>
</testsuite> <!-- chromeTest -->
